<?xml version="1.0" encoding="UTF-8"?>
<!-- Generated by org.testng.reporters.JUnitXMLReporter -->
<testsuite ignored="5" hostname="DESKTOP-51696N7" failures="0" tests="2" name="Test" time="13.769" errors="0" timestamp="2025-09-10T21:49:06 IST">
  <testcase classname="com.ninza.crm.campaignstest.CreateCampaignTestWithGroups" name="createCampaignWithExpectedCloseDateTest" time="3.619"/>
  <testcase classname="com.ninza.crm.producttest.CreateProductTestWithGroups" name="CreateProductWithMandatoryFieldTest" time="2.987"/>
  <testcase classname="com.ninza.crm.baseclass.BaseClassWithGroups" name="@BeforeSuite beforeSuite" time="0.0">
    <ignored/>
  </testcase> <!-- @BeforeSuite beforeSuite -->
  <testcase classname="com.ninza.crm.baseclass.BaseClassWithGroups" name="@BeforeTest BeforeTest" time="0.0">
    <ignored/>
  </testcase> <!-- @BeforeTest BeforeTest -->
  <testcase classname="com.ninza.crm.campaignstest.CreateCampaignTestWithGroups" name="createCamapignWithMandataoryFieldsTest" time="0.0">
    <ignored/>
  </testcase> <!-- createCamapignWithMandataoryFieldsTest -->
  <testcase classname="com.ninza.crm.baseclass.BaseClassWithGroups" name="@AfterSuite afterSuite" time="0.0">
    <ignored/>
  </testcase> <!-- @AfterSuite afterSuite -->
  <testcase classname="com.ninza.crm.baseclass.BaseClassWithGroups" name="@AfterTest afterTest" time="0.0">
    <ignored/>
  </testcase> <!-- @AfterTest afterTest -->
</testsuite> <!-- Test -->
