<?xml version="1.0" encoding="UTF-8"?>
<!-- Generated by org.testng.reporters.JUnitXMLReporter -->
<testsuite ignored="0" hostname="DESKTOP-51696N7" failures="2" tests="2" name="Test2" time="6.954" errors="0" timestamp="2025-09-21T15:33:08 IST">
  <testcase classname="com.ninza.crm.producttest.CreateProductTestWithGroups" name="CreateProductWithMandatoryFieldTest" time="0.001">
    <failure type="java.lang.NullPointerException" message="Cannot invoke &amp;quot;com.aventstack.extentreports.ExtentReports.createTest(String)&amp;quot; because &amp;quot;this.report&amp;quot; is null">
      <![CDATA[java.lang.NullPointerException: Cannot invoke "com.aventstack.extentreports.ExtentReports.createTest(String)" because "this.report" is null
at com.ninza.crm.listenerutility.ListenerImplementationNew.onTestStart(ListenerImplementationNew.java:49)
at java.base/java.util.ArrayList.forEach(ArrayList.java:1604)
at java.base/java.util.concurrent.FutureTask.run(FutureTask.java:328)
at java.base/java.util.concurrent.ThreadPoolExecutor.runWorker(ThreadPoolExecutor.java:1095)
at java.base/java.util.concurrent.ThreadPoolExecutor$Worker.run(ThreadPoolExecutor.java:619)
at java.base/java.lang.Thread.run(Thread.java:1447)
... Removed 14 stack frames]]>
    </failure>
  </testcase> <!-- CreateProductWithMandatoryFieldTest -->
  <testcase classname="com.ninza.crm.producttest.CreateProductTestWithGroups" name="CreateProductWithMandatoryFieldTest" time="2.75">
    <failure type="java.lang.NullPointerException" message="Cannot invoke &amp;quot;com.aventstack.extentreports.ExtentTest.log(com.aventstack.extentreports.Status, String)&amp;quot; because &amp;quot;this.test&amp;quot; is null">
      <![CDATA[java.lang.NullPointerException: Cannot invoke "com.aventstack.extentreports.ExtentTest.log(com.aventstack.extentreports.Status, String)" because "this.test" is null
at com.ninza.crm.listenerutility.ListenerImplementationNew.onTestFailure(ListenerImplementationNew.java:63)
at java.base/java.util.ArrayList.forEach(ArrayList.java:1604)
at java.base/java.util.concurrent.FutureTask.run(FutureTask.java:328)
at java.base/java.util.concurrent.ThreadPoolExecutor.runWorker(ThreadPoolExecutor.java:1095)
at java.base/java.util.concurrent.ThreadPoolExecutor$Worker.run(ThreadPoolExecutor.java:619)
at java.base/java.lang.Thread.run(Thread.java:1447)
... Removed 14 stack frames]]>
    </failure>
  </testcase> <!-- CreateProductWithMandatoryFieldTest -->
</testsuite> <!-- Test2 -->
