<?xml version="1.0" encoding="UTF-8"?>
<!-- Generated by org.testng.reporters.JUnitXMLReporter -->
<testsuite ignored="4" hostname="DESKTOP-51696N7" failures="0" tests="3" name="Test" time="17.975" errors="0" timestamp="2025-09-19T23:05:00 IST">
  <testcase classname="com.ninza.crm.producttest.CreateProductTestWithGroups" name="CreateProductWithMandatoryFieldTest" time="2.985"/>
  <testcase classname="com.ninza.crm.campaignstest.CreateCampaignTestWithGroups" name="createCamapignWithMandataoryFieldsTest" time="1.518"/>
  <testcase classname="com.ninza.crm.campaignstest.CreateCampaignTestWithGroups" name="createCampaignWithExpectedCloseDateTest" time="1.339"/>
  <testcase classname="com.ninza.crm.baseclass.BaseClassWithGroups" name="@BeforeTest BeforeTest" time="0.0">
    <ignored/>
  </testcase> <!-- @BeforeTest BeforeTest -->
  <testcase classname="com.ninza.crm.baseclass.BaseClassWithGroups" name="@AfterTest afterTest" time="0.0">
    <ignored/>
  </testcase> <!-- @AfterTest afterTest -->
  <testcase classname="com.ninza.crm.baseclass.BaseClassWithGroups" name="@BeforeSuite beforeSuite" time="0.0">
    <ignored/>
  </testcase> <!-- @BeforeSuite beforeSuite -->
  <testcase classname="com.ninza.crm.baseclass.BaseClassWithGroups" name="@AfterSuite afterSuite" time="0.0">
    <ignored/>
  </testcase> <!-- @AfterSuite afterSuite -->
</testsuite> <!-- Test -->
