<?xml version="1.0" encoding="UTF-8"?>
<testng-results ignored="0" total="1" passed="1" failed="0" skipped="0">
  <reporter-output>
  </reporter-output>
  <suite started-at="2025-09-21T15:35:33 IST" name="Default suite" finished-at="2025-09-21T15:35:33 IST" duration-ms="55">
    <groups>
    </groups>
    <test started-at="2025-09-21T15:35:33 IST" name="Default test" finished-at="2025-09-21T15:35:33 IST" duration-ms="55">
      <class name="practice.AsserionNull">
        <test-method signature="test()[pri:0, instance:practice.AsserionNull@3ce1e309]" started-at="2025-09-21T15:35:33 IST" name="test" finished-at="2025-09-21T15:35:33 IST" duration-ms="12" status="PASS">
          <reporter-output>
          </reporter-output>
        </test-method> <!-- test -->
      </class> <!-- practice.AsserionNull -->
    </test> <!-- Default test -->
  </suite> <!-- Default suite -->
</testng-results>
